<?xml version="1.0" encoding="UTF-8"?>
<!-- Generated by org.testng.reporters.JUnitXMLReporter -->
<testsuite hostname="NDI-LAP-369" ignored="0" name="Default test" tests="8" failures="0" timestamp="05 Apr 2017 06:10:47 GMT" time="96.311" errors="0">
  <testcase name="courseRequestAPI" time="1.275" classname="Test.APITest"/>
  <testcase name="openURL" time="9.044" classname="Test.APITest"/>
  <testcase name="requestApprovalpage" time="23.04" classname="Test.APITest"/>
  <testcase name="dbQuery" time="0.056" classname="Test.APITest"/>
  <testcase name="runApiUerEnv" time="0.135" classname="Test.APITest"/>
  <testcase name="verifyAddEnv" time="32.563" classname="Test.APITest"/>
  <testcase name="runApiSessionUpdate" time="0.682" classname="Test.APITest"/>
  <testcase name="verifyUpdateEnv" time="19.425" classname="Test.APITest"/>
</testsuite> <!-- Default test -->
